{"/Users/davidfernandez/Desktop/Dev/manga-collection/src/App.tsx": {"path":"/Users/davidfernandez/Desktop/Dev/manga-collection/src/App.tsx","statementMap":{"0":{"start":{"line":1,"column":0},"end":{"line":1,"column":41}},"1":{"start":{"line":2,"column":0},"end":{"line":2,"column":51}},"2":{"start":{"line":5,"column":2},"end":{"line":10,"column":4}},"3":{"start":{"line":13,"column":0},"end":{"line":13,"column":19}}},"fnMap":{"0":{"name":"App","decl":{"start":{"line":4,"column":9},"end":{"line":4,"column":12}},"loc":{"start":{"line":4,"column":12},"end":{"line":11,"column":1}}}},"branchMap":{},"s":{"0":1,"1":1,"2":2,"3":1},"f":{"0":2},"b":{}}
,"/Users/davidfernandez/Desktop/Dev/manga-collection/src/api/getManga.ts": {"path":"/Users/davidfernandez/Desktop/Dev/manga-collection/src/api/getManga.ts","statementMap":{"0":{"start":{"line":27,"column":24},"end":{"line":85,"column":1}},"1":{"start":{"line":28,"column":14},"end":{"line":28,"column":63}},"2":{"start":{"line":29,"column":2},"end":{"line":84,"column":null}},"3":{"start":{"line":30,"column":21},"end":{"line":30,"column":37}},"4":{"start":{"line":31,"column":4},"end":{"line":33,"column":null}},"5":{"start":{"line":32,"column":6},"end":{"line":32,"column":null}},"6":{"start":{"line":34,"column":19},"end":{"line":34,"column":40}},"7":{"start":{"line":35,"column":29},"end":{"line":35,"column":40}},"8":{"start":{"line":36,"column":45},"end":{"line":36,"column":47}},"9":{"start":{"line":37,"column":4},"end":{"line":79,"column":null}},"10":{"start":{"line":50,"column":6},"end":{"line":78,"column":null}},"11":{"start":{"line":80,"column":4},"end":{"line":80,"column":null}},"12":{"start":{"line":82,"column":4},"end":{"line":82,"column":25}},"13":{"start":{"line":83,"column":4},"end":{"line":83,"column":null}},"14":{"start":{"line":27,"column":13},"end":{"line":27,"column":24}}},"fnMap":{"0":{"name":"(anonymous_0)","decl":{"start":{"line":27,"column":24},"end":{"line":27,"column":29}},"loc":{"start":{"line":27,"column":54},"end":{"line":85,"column":1}}},"1":{"name":"(anonymous_1)","decl":{"start":{"line":37,"column":15},"end":{"line":37,"column":16}},"loc":{"start":{"line":49,"column":16},"end":{"line":79,"column":5}}}},"branchMap":{"0":{"loc":{"start":{"line":31,"column":4},"end":{"line":33,"column":null}},"type":"if","locations":[{"start":{"line":31,"column":4},"end":{"line":33,"column":null}}]}},"s":{"0":8,"1":0,"2":0,"3":0,"4":0,"5":0,"6":0,"7":0,"8":0,"9":0,"10":0,"11":0,"12":0,"13":0,"14":8},"f":{"0":0,"1":0},"b":{"0":[0]}}
,"/Users/davidfernandez/Desktop/Dev/manga-collection/src/components/CollectionButton.tsx": {"path":"/Users/davidfernandez/Desktop/Dev/manga-collection/src/components/CollectionButton.tsx","statementMap":{"0":{"start":{"line":2,"column":0},"end":{"line":2,"column":55}},"1":{"start":{"line":3,"column":0},"end":{"line":3,"column":46}},"2":{"start":{"line":5,"column":0},"end":{"line":5,"column":null}},"3":{"start":{"line":15,"column":58},"end":{"line":46,"column":1}},"4":{"start":{"line":16,"column":21},"end":{"line":16,"column":34}},"5":{"start":{"line":17,"column":21},"end":{"line":17,"column":34}},"6":{"start":{"line":18,"column":29},"end":{"line":19,"column":null}},"7":{"start":{"line":19,"column":30},"end":{"line":19,"column":59}},"8":{"start":{"line":21,"column":22},"end":{"line":22,"column":null}},"9":{"start":{"line":22,"column":36},"end":{"line":22,"column":76}},"10":{"start":{"line":24,"column":29},"end":{"line":31,"column":5}},"11":{"start":{"line":25,"column":8},"end":{"line":29,"column":null}},"12":{"start":{"line":26,"column":12},"end":{"line":26,"column":null}},"13":{"start":{"line":28,"column":12},"end":{"line":28,"column":null}},"14":{"start":{"line":30,"column":8},"end":{"line":30,"column":32}},"15":{"start":{"line":32,"column":2},"end":{"line":45,"column":null}},"16":{"start":{"line":48,"column":0},"end":{"line":48,"column":null}}},"fnMap":{"0":{"name":"(anonymous_0)","decl":{"start":{"line":15,"column":58},"end":{"line":15,"column":59}},"loc":{"start":{"line":15,"column":72},"end":{"line":46,"column":1}}},"1":{"name":"(anonymous_1)","decl":{"start":{"line":19,"column":8},"end":{"line":19,"column":9}},"loc":{"start":{"line":19,"column":30},"end":{"line":19,"column":59}}},"2":{"name":"(anonymous_2)","decl":{"start":{"line":22,"column":8},"end":{"line":22,"column":9}},"loc":{"start":{"line":22,"column":36},"end":{"line":22,"column":76}}},"3":{"name":"(anonymous_3)","decl":{"start":{"line":24,"column":29},"end":{"line":24,"column":32}},"loc":{"start":{"line":24,"column":34},"end":{"line":31,"column":5}}}},"branchMap":{"0":{"loc":{"start":{"line":25,"column":8},"end":{"line":29,"column":null}},"type":"if","locations":[{"start":{"line":25,"column":8},"end":{"line":29,"column":null}},{"start":{"line":27,"column":15},"end":{"line":29,"column":null}}]},"1":{"loc":{"start":{"line":36,"column":16},"end":{"line":38,"column":null}},"type":"cond-expr","locations":[{"start":{"line":37,"column":18},"end":{"line":37,"column":61}},{"start":{"line":38,"column":18},"end":{"line":38,"column":null}}]},"2":{"loc":{"start":{"line":42,"column":14},"end":{"line":42,"column":78}},"type":"cond-expr","locations":[{"start":{"line":42,"column":26},"end":{"line":42,"column":53}},{"start":{"line":42,"column":56},"end":{"line":42,"column":78}}]}},"s":{"0":5,"1":5,"2":5,"3":5,"4":3,"5":3,"6":3,"7":6,"8":3,"9":1,"10":3,"11":0,"12":0,"13":0,"14":0,"15":3,"16":5},"f":{"0":3,"1":6,"2":1,"3":0},"b":{"0":[0,0],"1":[1,2],"2":[1,2]}}
,"/Users/davidfernandez/Desktop/Dev/manga-collection/src/components/Header.tsx": {"path":"/Users/davidfernandez/Desktop/Dev/manga-collection/src/components/Header.tsx","statementMap":{"0":{"start":{"line":1,"column":0},"end":{"line":1,"column":48}},"1":{"start":{"line":3,"column":15},"end":{"line":12,"column":1}},"2":{"start":{"line":4,"column":2},"end":{"line":11,"column":4}},"3":{"start":{"line":14,"column":0},"end":{"line":14,"column":22}}},"fnMap":{"0":{"name":"(anonymous_1)","decl":{"start":{"line":3,"column":15},"end":{"line":3,"column":18}},"loc":{"start":{"line":3,"column":20},"end":{"line":12,"column":1}}}},"branchMap":{},"s":{"0":2,"1":2,"2":3,"3":2},"f":{"0":3},"b":{}}
,"/Users/davidfernandez/Desktop/Dev/manga-collection/src/components/MainContent.tsx": {"path":"/Users/davidfernandez/Desktop/Dev/manga-collection/src/components/MainContent.tsx","statementMap":{"0":{"start":{"line":1,"column":0},"end":{"line":1,"column":29}},"1":{"start":{"line":2,"column":0},"end":{"line":2,"column":33}},"2":{"start":{"line":4,"column":20},"end":{"line":11,"column":1}},"3":{"start":{"line":5,"column":2},"end":{"line":10,"column":null}},"4":{"start":{"line":13,"column":0},"end":{"line":13,"column":null}}},"fnMap":{"0":{"name":"(anonymous_1)","decl":{"start":{"line":4,"column":20},"end":{"line":4,"column":23}},"loc":{"start":{"line":4,"column":25},"end":{"line":11,"column":1}}}},"branchMap":{},"s":{"0":2,"1":2,"2":2,"3":3,"4":2},"f":{"0":3},"b":{}}
,"/Users/davidfernandez/Desktop/Dev/manga-collection/src/components/MangaCover.tsx": {"path":"/Users/davidfernandez/Desktop/Dev/manga-collection/src/components/MangaCover.tsx","statementMap":{"0":{"start":{"line":7,"column":53},"end":{"line":17,"column":1}},"1":{"start":{"line":8,"column":2},"end":{"line":16,"column":null}},"2":{"start":{"line":7,"column":13},"end":{"line":7,"column":53}}},"fnMap":{"0":{"name":"(anonymous_0)","decl":{"start":{"line":7,"column":53},"end":{"line":7,"column":54}},"loc":{"start":{"line":7,"column":73},"end":{"line":17,"column":1}}}},"branchMap":{},"s":{"0":5,"1":2,"2":5},"f":{"0":2},"b":{}}
,"/Users/davidfernandez/Desktop/Dev/manga-collection/src/components/MangaInfo.tsx": {"path":"/Users/davidfernandez/Desktop/Dev/manga-collection/src/components/MangaInfo.tsx","statementMap":{"0":{"start":{"line":14,"column":44},"end":{"line":41,"column":1}},"1":{"start":{"line":24,"column":2},"end":{"line":40,"column":null}},"2":{"start":{"line":43,"column":0},"end":{"line":43,"column":null}}},"fnMap":{"0":{"name":"(anonymous_0)","decl":{"start":{"line":14,"column":44},"end":{"line":14,"column":45}},"loc":{"start":{"line":23,"column":5},"end":{"line":41,"column":1}}}},"branchMap":{"0":{"loc":{"start":{"line":30,"column":63},"end":{"line":30,"column":98}},"type":"cond-expr","locations":[{"start":{"line":30,"column":86},"end":{"line":30,"column":91}},{"start":{"line":30,"column":94},"end":{"line":30,"column":98}}]},"1":{"loc":{"start":{"line":32,"column":12},"end":{"line":34,"column":17}},"type":"cond-expr","locations":[{"start":{"line":33,"column":14},"end":{"line":33,"column":20}},{"start":{"line":34,"column":14},"end":{"line":34,"column":17}}]},"2":{"loc":{"start":{"line":38,"column":28},"end":{"line":38,"column":99}},"type":"cond-expr","locations":[{"start":{"line":38,"column":39},"end":{"line":38,"column":66}},{"start":{"line":38,"column":69},"end":{"line":38,"column":99}}]}},"s":{"0":5,"1":2,"2":5},"f":{"0":2},"b":{"0":[1,1],"1":[2,0],"2":[2,0]}}
,"/Users/davidfernandez/Desktop/Dev/manga-collection/src/components/MangaList.tsx": {"path":"/Users/davidfernandez/Desktop/Dev/manga-collection/src/components/MangaList.tsx","statementMap":{"0":{"start":{"line":1,"column":0},"end":{"line":1,"column":42}},"1":{"start":{"line":4,"column":0},"end":{"line":4,"column":44}},"2":{"start":{"line":6,"column":18},"end":{"line":31,"column":1}},"3":{"start":{"line":7,"column":17},"end":{"line":7,"column":71}},"4":{"start":{"line":7,"column":51},"end":{"line":7,"column":70}},"5":{"start":{"line":8,"column":2},"end":{"line":30,"column":4}},"6":{"start":{"line":18,"column":10},"end":{"line":18,"column":44}},"7":{"start":{"line":33,"column":0},"end":{"line":33,"column":25}}},"fnMap":{"0":{"name":"(anonymous_1)","decl":{"start":{"line":6,"column":18},"end":{"line":6,"column":34}},"loc":{"start":{"line":6,"column":36},"end":{"line":31,"column":1}}},"1":{"name":"(anonymous_2)","decl":{"start":{"line":7,"column":29},"end":{"line":7,"column":30}},"loc":{"start":{"line":7,"column":51},"end":{"line":7,"column":70}}},"2":{"name":"(anonymous_3)","decl":{"start":{"line":17,"column":34},"end":{"line":17,"column":35}},"loc":{"start":{"line":18,"column":10},"end":{"line":18,"column":44}}}},"branchMap":{"0":{"loc":{"start":{"line":11,"column":8},"end":{"line":13,"column":71}},"type":"cond-expr","locations":[{"start":{"line":12,"column":12},"end":{"line":12,"column":105}},{"start":{"line":13,"column":12},"end":{"line":13,"column":71}}]},"1":{"loc":{"start":{"line":11,"column":8},"end":{"line":11,"column":52}},"type":"binary-expr","locations":[{"start":{"line":11,"column":8},"end":{"line":11,"column":14}},{"start":{"line":11,"column":18},"end":{"line":11,"column":52}}]},"2":{"loc":{"start":{"line":16,"column":7},"end":{"line":27,"column":null}},"type":"cond-expr","locations":[{"start":{"line":17,"column":8},"end":{"line":19,"column":10}},{"start":{"line":21,"column":8},"end":{"line":26,"column":null}}]},"3":{"loc":{"start":{"line":16,"column":7},"end":{"line":16,"column":51}},"type":"binary-expr","locations":[{"start":{"line":16,"column":7},"end":{"line":16,"column":13}},{"start":{"line":16,"column":17},"end":{"line":16,"column":51}}]}},"s":{"0":5,"1":5,"2":5,"3":6,"4":8,"5":6,"6":2,"7":5},"f":{"0":6,"1":8,"2":2},"b":{"0":[1,5],"1":[6,5],"2":[1,5],"3":[6,5]}}
,"/Users/davidfernandez/Desktop/Dev/manga-collection/src/components/MangaListItem.tsx": {"path":"/Users/davidfernandez/Desktop/Dev/manga-collection/src/components/MangaListItem.tsx","statementMap":{"0":{"start":{"line":2,"column":0},"end":{"line":2,"column":40}},"1":{"start":{"line":16,"column":52},"end":{"line":30,"column":1}},"2":{"start":{"line":17,"column":36},"end":{"line":17,"column":41}},"3":{"start":{"line":19,"column":2},"end":{"line":29,"column":4}},"4":{"start":{"line":32,"column":0},"end":{"line":32,"column":29}}},"fnMap":{"0":{"name":"(anonymous_0)","decl":{"start":{"line":16,"column":52},"end":{"line":16,"column":53}},"loc":{"start":{"line":16,"column":66},"end":{"line":30,"column":1}}}},"branchMap":{},"s":{"0":7,"1":7,"2":5,"3":5,"4":7},"f":{"0":5},"b":{}}
,"/Users/davidfernandez/Desktop/Dev/manga-collection/src/components/Navbar.tsx": {"path":"/Users/davidfernandez/Desktop/Dev/manga-collection/src/components/Navbar.tsx","statementMap":{"0":{"start":{"line":1,"column":0},"end":{"line":1,"column":43}},"1":{"start":{"line":3,"column":15},"end":{"line":28,"column":1}},"2":{"start":{"line":4,"column":2},"end":{"line":27,"column":4}},"3":{"start":{"line":9,"column":10},"end":{"line":11,"column":65}},"4":{"start":{"line":19,"column":10},"end":{"line":21,"column":65}},"5":{"start":{"line":30,"column":0},"end":{"line":30,"column":22}}},"fnMap":{"0":{"name":"(anonymous_0)","decl":{"start":{"line":3,"column":15},"end":{"line":3,"column":18}},"loc":{"start":{"line":3,"column":20},"end":{"line":28,"column":1}}},"1":{"name":"(anonymous_1)","decl":{"start":{"line":8,"column":19},"end":{"line":8,"column":20}},"loc":{"start":{"line":9,"column":10},"end":{"line":11,"column":65}}},"2":{"name":"(anonymous_2)","decl":{"start":{"line":18,"column":19},"end":{"line":18,"column":20}},"loc":{"start":{"line":19,"column":10},"end":{"line":21,"column":65}}}},"branchMap":{"0":{"loc":{"start":{"line":9,"column":10},"end":{"line":11,"column":65}},"type":"cond-expr","locations":[{"start":{"line":10,"column":14},"end":{"line":10,"column":91}},{"start":{"line":11,"column":14},"end":{"line":11,"column":65}}]},"1":{"loc":{"start":{"line":19,"column":10},"end":{"line":21,"column":65}},"type":"cond-expr","locations":[{"start":{"line":20,"column":14},"end":{"line":20,"column":91}},{"start":{"line":21,"column":14},"end":{"line":21,"column":65}}]}},"s":{"0":3,"1":3,"2":4,"3":5,"4":5,"5":3},"f":{"0":4,"1":5,"2":5},"b":{"0":[3,2],"1":[2,3]}}
,"/Users/davidfernandez/Desktop/Dev/manga-collection/src/components/SearchComponent.tsx": {"path":"/Users/davidfernandez/Desktop/Dev/manga-collection/src/components/SearchComponent.tsx","statementMap":{"0":{"start":{"line":1,"column":0},"end":{"line":1,"column":57}},"1":{"start":{"line":2,"column":0},"end":{"line":2,"column":62}},"2":{"start":{"line":3,"column":0},"end":{"line":3,"column":42}},"3":{"start":{"line":4,"column":0},"end":{"line":4,"column":47}},"4":{"start":{"line":8,"column":24},"end":{"line":41,"column":1}},"5":{"start":{"line":9,"column":19},"end":{"line":9,"column":32}},"6":{"start":{"line":10,"column":32},"end":{"line":10,"column":54}},"7":{"start":{"line":11,"column":19},"end":{"line":11,"column":32}},"8":{"start":{"line":12,"column":23},"end":{"line":17,"column":3}},"9":{"start":{"line":13,"column":4},"end":{"line":13,"column":25}},"10":{"start":{"line":14,"column":4},"end":{"line":14,"column":45}},"11":{"start":{"line":15,"column":4},"end":{"line":15,"column":19}},"12":{"start":{"line":16,"column":4},"end":{"line":16,"column":null}},"13":{"start":{"line":18,"column":23},"end":{"line":20,"column":3}},"14":{"start":{"line":19,"column":4},"end":{"line":19,"column":33}},"15":{"start":{"line":21,"column":2},"end":{"line":40,"column":4}},"16":{"start":{"line":43,"column":0},"end":{"line":43,"column":31}}},"fnMap":{"0":{"name":"(anonymous_0)","decl":{"start":{"line":8,"column":24},"end":{"line":8,"column":27}},"loc":{"start":{"line":8,"column":29},"end":{"line":41,"column":1}}},"1":{"name":"(anonymous_1)","decl":{"start":{"line":12,"column":23},"end":{"line":12,"column":24}},"loc":{"start":{"line":12,"column":59},"end":{"line":17,"column":3}}},"2":{"name":"(anonymous_2)","decl":{"start":{"line":18,"column":23},"end":{"line":18,"column":24}},"loc":{"start":{"line":18,"column":62},"end":{"line":20,"column":3}}}},"branchMap":{},"s":{"0":3,"1":3,"2":3,"3":3,"4":3,"5":7,"6":7,"7":7,"8":7,"9":0,"10":0,"11":0,"12":0,"13":7,"14":0,"15":7,"16":3},"f":{"0":7,"1":0,"2":0},"b":{}}
,"/Users/davidfernandez/Desktop/Dev/manga-collection/src/pages/Collection.tsx": {"path":"/Users/davidfernandez/Desktop/Dev/manga-collection/src/pages/Collection.tsx","statementMap":{"0":{"start":{"line":1,"column":0},"end":{"line":1,"column":42}},"1":{"start":{"line":4,"column":0},"end":{"line":4,"column":56}},"2":{"start":{"line":6,"column":19},"end":{"line":29,"column":1}},"3":{"start":{"line":7,"column":17},"end":{"line":8,"column":null}},"4":{"start":{"line":8,"column":26},"end":{"line":8,"column":55}},"5":{"start":{"line":10,"column":2},"end":{"line":28,"column":4}},"6":{"start":{"line":20,"column":10},"end":{"line":20,"column":44}},"7":{"start":{"line":31,"column":0},"end":{"line":31,"column":26}}},"fnMap":{"0":{"name":"(anonymous_1)","decl":{"start":{"line":6,"column":19},"end":{"line":6,"column":35}},"loc":{"start":{"line":6,"column":37},"end":{"line":29,"column":1}}},"1":{"name":"(anonymous_2)","decl":{"start":{"line":8,"column":4},"end":{"line":8,"column":5}},"loc":{"start":{"line":8,"column":26},"end":{"line":8,"column":55}}},"2":{"name":"(anonymous_3)","decl":{"start":{"line":19,"column":34},"end":{"line":19,"column":35}},"loc":{"start":{"line":20,"column":10},"end":{"line":20,"column":44}}}},"branchMap":{"0":{"loc":{"start":{"line":13,"column":8},"end":{"line":15,"column":38}},"type":"cond-expr","locations":[{"start":{"line":14,"column":12},"end":{"line":14,"column":134}},{"start":{"line":15,"column":12},"end":{"line":15,"column":38}}]},"1":{"loc":{"start":{"line":13,"column":8},"end":{"line":13,"column":50}},"type":"binary-expr","locations":[{"start":{"line":13,"column":8},"end":{"line":13,"column":14}},{"start":{"line":13,"column":18},"end":{"line":13,"column":50}}]},"2":{"loc":{"start":{"line":18,"column":7},"end":{"line":25,"column":null}},"type":"cond-expr","locations":[{"start":{"line":19,"column":8},"end":{"line":21,"column":10}},{"start":{"line":23,"column":8},"end":{"line":23,"column":null}}]},"3":{"loc":{"start":{"line":18,"column":7},"end":{"line":18,"column":49}},"type":"binary-expr","locations":[{"start":{"line":18,"column":7},"end":{"line":18,"column":13}},{"start":{"line":18,"column":17},"end":{"line":18,"column":49}}]}},"s":{"0":4,"1":4,"2":4,"3":4,"4":4,"5":4,"6":2,"7":4},"f":{"0":4,"1":4,"2":2},"b":{"0":[1,3],"1":[4,3],"2":[1,3],"3":[4,3]}}
,"/Users/davidfernandez/Desktop/Dev/manga-collection/src/pages/Error404.tsx": {"path":"/Users/davidfernandez/Desktop/Dev/manga-collection/src/pages/Error404.tsx","statementMap":{"0":{"start":{"line":1,"column":17},"end":{"line":8,"column":1}},"1":{"start":{"line":2,"column":2},"end":{"line":7,"column":null}},"2":{"start":{"line":10,"column":0},"end":{"line":10,"column":24}}},"fnMap":{"0":{"name":"(anonymous_0)","decl":{"start":{"line":1,"column":17},"end":{"line":1,"column":20}},"loc":{"start":{"line":1,"column":22},"end":{"line":8,"column":1}}}},"branchMap":{},"s":{"0":4,"1":1,"2":4},"f":{"0":1},"b":{}}
,"/Users/davidfernandez/Desktop/Dev/manga-collection/src/pages/Home.tsx": {"path":"/Users/davidfernandez/Desktop/Dev/manga-collection/src/pages/Home.tsx","statementMap":{"0":{"start":{"line":1,"column":0},"end":{"line":1,"column":48}},"1":{"start":{"line":3,"column":13},"end":{"line":9,"column":1}},"2":{"start":{"line":4,"column":2},"end":{"line":8,"column":4}},"3":{"start":{"line":11,"column":0},"end":{"line":11,"column":20}}},"fnMap":{"0":{"name":"(anonymous_1)","decl":{"start":{"line":3,"column":13},"end":{"line":3,"column":16}},"loc":{"start":{"line":3,"column":18},"end":{"line":9,"column":1}}}},"branchMap":{},"s":{"0":4,"1":4,"2":4,"3":4},"f":{"0":4},"b":{}}
,"/Users/davidfernandez/Desktop/Dev/manga-collection/src/pages/MangaDetail.tsx": {"path":"/Users/davidfernandez/Desktop/Dev/manga-collection/src/pages/MangaDetail.tsx","statementMap":{"0":{"start":{"line":1,"column":0},"end":{"line":1,"column":26}},"1":{"start":{"line":2,"column":0},"end":{"line":2,"column":47}},"2":{"start":{"line":3,"column":0},"end":{"line":3,"column":52}},"3":{"start":{"line":4,"column":0},"end":{"line":4,"column":48}},"4":{"start":{"line":5,"column":0},"end":{"line":5,"column":62}},"5":{"start":{"line":8,"column":0},"end":{"line":8,"column":42}},"6":{"start":{"line":10,"column":20},"end":{"line":68,"column":1}},"7":{"start":{"line":11,"column":52},"end":{"line":12,"column":null}},"8":{"start":{"line":12,"column":26},"end":{"line":12,"column":51}},"9":{"start":{"line":14,"column":59},"end":{"line":15,"column":null}},"10":{"start":{"line":15,"column":26},"end":{"line":15,"column":55}},"11":{"start":{"line":17,"column":19},"end":{"line":17,"column":32}},"12":{"start":{"line":20,"column":4},"end":{"line":27,"column":13}},"13":{"start":{"line":24,"column":10},"end":{"line":25,"column":48}},"14":{"start":{"line":30,"column":4},"end":{"line":37,"column":11}},"15":{"start":{"line":34,"column":8},"end":{"line":35,"column":46}},"16":{"start":{"line":38,"column":4},"end":{"line":38,"column":null}},"17":{"start":{"line":39,"column":2},"end":{"line":67,"column":4}},"18":{"start":{"line":70,"column":0},"end":{"line":70,"column":39}}},"fnMap":{"0":{"name":"(anonymous_1)","decl":{"start":{"line":10,"column":20},"end":{"line":10,"column":23}},"loc":{"start":{"line":10,"column":25},"end":{"line":68,"column":1}}},"1":{"name":"(anonymous_2)","decl":{"start":{"line":12,"column":4},"end":{"line":12,"column":5}},"loc":{"start":{"line":12,"column":26},"end":{"line":12,"column":51}}},"2":{"name":"(anonymous_3)","decl":{"start":{"line":15,"column":4},"end":{"line":15,"column":5}},"loc":{"start":{"line":15,"column":26},"end":{"line":15,"column":55}}},"3":{"name":"(anonymous_4)","decl":{"start":{"line":23,"column":8},"end":{"line":23,"column":9}},"loc":{"start":{"line":24,"column":10},"end":{"line":25,"column":48}}},"4":{"name":"(anonymous_5)","decl":{"start":{"line":33,"column":6},"end":{"line":33,"column":7}},"loc":{"start":{"line":34,"column":8},"end":{"line":35,"column":46}}}},"branchMap":{"0":{"loc":{"start":{"line":12,"column":26},"end":{"line":12,"column":51}},"type":"binary-expr","locations":[{"start":{"line":12,"column":26},"end":{"line":12,"column":45}},{"start":{"line":12,"column":49},"end":{"line":12,"column":51}}]},"1":{"loc":{"start":{"line":20,"column":4},"end":{"line":27,"column":13}},"type":"binary-expr","locations":[{"start":{"line":20,"column":4},"end":{"line":20,"column":26}},{"start":{"line":21,"column":5},"end":{"line":27,"column":12}}]},"2":{"loc":{"start":{"line":21,"column":5},"end":{"line":27,"column":12}},"type":"cond-expr","locations":[{"start":{"line":22,"column":8},"end":{"line":25,"column":null}},{"start":{"line":27,"column":8},"end":{"line":27,"column":12}}]},"3":{"loc":{"start":{"line":24,"column":10},"end":{"line":25,"column":48}},"type":"binary-expr","locations":[{"start":{"line":24,"column":10},"end":{"line":24,"column":46}},{"start":{"line":25,"column":10},"end":{"line":25,"column":48}}]},"4":{"loc":{"start":{"line":30,"column":4},"end":{"line":37,"column":11}},"type":"binary-expr","locations":[{"start":{"line":30,"column":4},"end":{"line":30,"column":26}},{"start":{"line":31,"column":5},"end":{"line":37,"column":10}}]},"5":{"loc":{"start":{"line":31,"column":5},"end":{"line":37,"column":10}},"type":"cond-expr","locations":[{"start":{"line":32,"column":8},"end":{"line":35,"column":null}},{"start":{"line":37,"column":6},"end":{"line":37,"column":10}}]},"6":{"loc":{"start":{"line":34,"column":8},"end":{"line":35,"column":46}},"type":"binary-expr","locations":[{"start":{"line":34,"column":8},"end":{"line":34,"column":44}},{"start":{"line":35,"column":8},"end":{"line":35,"column":46}}]},"7":{"loc":{"start":{"line":41,"column":7},"end":{"line":64,"column":null}},"type":"cond-expr","locations":[{"start":{"line":42,"column":8},"end":{"line":61,"column":null}},{"start":{"line":64,"column":8},"end":{"line":64,"column":25}}]},"8":{"loc":{"start":{"line":41,"column":7},"end":{"line":41,"column":31}},"type":"binary-expr","locations":[{"start":{"line":41,"column":7},"end":{"line":41,"column":12}},{"start":{"line":41,"column":16},"end":{"line":41,"column":31}}]},"9":{"loc":{"start":{"line":44,"column":50},"end":{"line":44,"column":93}},"type":"cond-expr","locations":[{"start":{"line":44,"column":58},"end":{"line":44,"column":69}},{"start":{"line":44,"column":72},"end":{"line":44,"column":93}}]},"10":{"loc":{"start":{"line":47,"column":32},"end":{"line":47,"column":106}},"type":"cond-expr","locations":[{"start":{"line":47,"column":40},"end":{"line":47,"column":67}},{"start":{"line":47,"column":69},"end":{"line":47,"column":106}}]},"11":{"loc":{"start":{"line":47,"column":115},"end":{"line":47,"column":158}},"type":"cond-expr","locations":[{"start":{"line":47,"column":123},"end":{"line":47,"column":134}},{"start":{"line":47,"column":137},"end":{"line":47,"column":158}}]},"12":{"loc":{"start":{"line":49,"column":26},"end":{"line":49,"column":79}},"type":"cond-expr","locations":[{"start":{"line":49,"column":34},"end":{"line":49,"column":50}},{"start":{"line":49,"column":53},"end":{"line":49,"column":79}}]},"13":{"loc":{"start":{"line":50,"column":24},"end":{"line":50,"column":105}},"type":"cond-expr","locations":[{"start":{"line":50,"column":32},"end":{"line":50,"column":62}},{"start":{"line":50,"column":65},"end":{"line":50,"column":105}}]},"14":{"loc":{"start":{"line":51,"column":22},"end":{"line":51,"column":99}},"type":"cond-expr","locations":[{"start":{"line":51,"column":30},"end":{"line":51,"column":58}},{"start":{"line":51,"column":61},"end":{"line":51,"column":99}}]},"15":{"loc":{"start":{"line":52,"column":24},"end":{"line":52,"column":73}},"type":"cond-expr","locations":[{"start":{"line":52,"column":32},"end":{"line":52,"column":46}},{"start":{"line":52,"column":49},"end":{"line":52,"column":73}}]},"16":{"loc":{"start":{"line":53,"column":23},"end":{"line":53,"column":86}},"type":"cond-expr","locations":[{"start":{"line":53,"column":31},"end":{"line":53,"column":52}},{"start":{"line":53,"column":55},"end":{"line":53,"column":86}}]},"17":{"loc":{"start":{"line":54,"column":20},"end":{"line":54,"column":93}},"type":"cond-expr","locations":[{"start":{"line":54,"column":28},"end":{"line":54,"column":54}},{"start":{"line":54,"column":57},"end":{"line":54,"column":93}}]},"18":{"loc":{"start":{"line":55,"column":23},"end":{"line":55,"column":70}},"type":"cond-expr","locations":[{"start":{"line":55,"column":31},"end":{"line":55,"column":44}},{"start":{"line":55,"column":47},"end":{"line":55,"column":70}}]},"19":{"loc":{"start":{"line":56,"column":24},"end":{"line":56,"column":73}},"type":"cond-expr","locations":[{"start":{"line":56,"column":32},"end":{"line":56,"column":46}},{"start":{"line":56,"column":49},"end":{"line":56,"column":73}}]},"20":{"loc":{"start":{"line":60,"column":37},"end":{"line":60,"column":68}},"type":"cond-expr","locations":[{"start":{"line":60,"column":45},"end":{"line":60,"column":50}},{"start":{"line":60,"column":53},"end":{"line":60,"column":68}}]}},"s":{"0":4,"1":4,"2":4,"3":4,"4":4,"5":4,"6":4,"7":1,"8":2,"9":1,"10":2,"11":1,"12":1,"13":1,"14":1,"15":0,"16":1,"17":1,"18":4},"f":{"0":1,"1":2,"2":2,"3":1,"4":0},"b":{"0":[2,0],"1":[1,1],"2":[1,0],"3":[1,1],"4":[1,1],"5":[1,0],"6":[0,0],"7":[1,0],"8":[1,0],"9":[1,0],"10":[1,0],"11":[1,0],"12":[1,0],"13":[1,0],"14":[1,0],"15":[1,0],"16":[1,0],"17":[1,0],"18":[1,0],"19":[1,0],"20":[1,0]}}
,"/Users/davidfernandez/Desktop/Dev/manga-collection/src/redux/collectionReducer.ts": {"path":"/Users/davidfernandez/Desktop/Dev/manga-collection/src/redux/collectionReducer.ts","statementMap":{"0":{"start":{"line":18,"column":32},"end":{"line":18,"column":62}},"1":{"start":{"line":19,"column":19},"end":{"line":19,"column":90}},"2":{"start":{"line":20,"column":35},"end":{"line":20,"column":61}},"3":{"start":{"line":21,"column":32},"end":{"line":21,"column":57}},"4":{"start":{"line":22,"column":37},"end":{"line":22,"column":67}},"5":{"start":{"line":24,"column":33},"end":{"line":43,"column":1}},"6":{"start":{"line":25,"column":4},"end":{"line":42,"column":null}},"7":{"start":{"line":27,"column":39},"end":{"line":27,"column":98}},"8":{"start":{"line":28,"column":12},"end":{"line":28,"column":null}},"9":{"start":{"line":29,"column":12},"end":{"line":29,"column":null}},"10":{"start":{"line":33,"column":42},"end":{"line":33,"column":60}},"11":{"start":{"line":34,"column":12},"end":{"line":34,"column":null}},"12":{"start":{"line":35,"column":12},"end":{"line":35,"column":null}},"13":{"start":{"line":36,"column":12},"end":{"line":36,"column":null}},"14":{"start":{"line":40,"column":9},"end":{"line":40,"column":null}},"15":{"start":{"line":24,"column":13},"end":{"line":24,"column":33}},"16":{"start":{"line":45,"column":42},"end":{"line":50,"column":1}},"17":{"start":{"line":45,"column":60},"end":{"line":50,"column":1}},"18":{"start":{"line":46,"column":4},"end":{"line":49,"column":null}},"19":{"start":{"line":45,"column":13},"end":{"line":45,"column":42}},"20":{"start":{"line":51,"column":47},"end":{"line":56,"column":1}},"21":{"start":{"line":51,"column":65},"end":{"line":56,"column":1}},"22":{"start":{"line":52,"column":4},"end":{"line":55,"column":null}},"23":{"start":{"line":51,"column":13},"end":{"line":51,"column":47}}},"fnMap":{"0":{"name":"(anonymous_0)","decl":{"start":{"line":24,"column":33},"end":{"line":24,"column":34}},"loc":{"start":{"line":24,"column":79},"end":{"line":43,"column":1}}},"1":{"name":"(anonymous_1)","decl":{"start":{"line":45,"column":42},"end":{"line":45,"column":43}},"loc":{"start":{"line":45,"column":60},"end":{"line":50,"column":1}}},"2":{"name":"(anonymous_2)","decl":{"start":{"line":45,"column":60},"end":{"line":45,"column":61}},"loc":{"start":{"line":45,"column":94},"end":{"line":50,"column":1}}},"3":{"name":"(anonymous_3)","decl":{"start":{"line":51,"column":47},"end":{"line":51,"column":48}},"loc":{"start":{"line":51,"column":65},"end":{"line":56,"column":1}}},"4":{"name":"(anonymous_4)","decl":{"start":{"line":51,"column":65},"end":{"line":51,"column":66}},"loc":{"start":{"line":51,"column":99},"end":{"line":56,"column":1}}}},"branchMap":{"0":{"loc":{"start":{"line":19,"column":19},"end":{"line":19,"column":90}},"type":"cond-expr","locations":[{"start":{"line":19,"column":44},"end":{"line":19,"column":78}},{"start":{"line":19,"column":81},"end":{"line":19,"column":90}}]},"1":{"loc":{"start":{"line":20,"column":44},"end":{"line":20,"column":60}},"type":"binary-expr","locations":[{"start":{"line":20,"column":44},"end":{"line":20,"column":54}},{"start":{"line":20,"column":58},"end":{"line":20,"column":60}}]},"2":{"loc":{"start":{"line":24,"column":34},"end":{"line":24,"column":54}},"type":"default-arg","locations":[{"start":{"line":24,"column":42},"end":{"line":24,"column":54}}]},"3":{"loc":{"start":{"line":25,"column":4},"end":{"line":42,"column":null}},"type":"switch","locations":[{"start":{"line":26,"column":8},"end":{"line":30,"column":null}},{"start":{"line":32,"column":8},"end":{"line":37,"column":null}},{"start":{"line":39,"column":8},"end":{"line":41,"column":null}}]}},"s":{"0":10,"1":10,"2":10,"3":10,"4":10,"5":10,"6":23,"7":1,"8":1,"9":1,"10":1,"11":1,"12":1,"13":1,"14":21,"15":10,"16":10,"17":0,"18":0,"19":10,"20":10,"21":0,"22":0,"23":10},"f":{"0":23,"1":0,"2":0,"3":0,"4":0},"b":{"0":[0,10],"1":[10,10],"2":[21],"3":[1,1,21]}}
,"/Users/davidfernandez/Desktop/Dev/manga-collection/src/redux/mangaReducer.ts": {"path":"/Users/davidfernandez/Desktop/Dev/manga-collection/src/redux/mangaReducer.ts","statementMap":{"0":{"start":{"line":2,"column":0},"end":{"line":2,"column":50}},"1":{"start":{"line":20,"column":35},"end":{"line":20,"column":47}},"2":{"start":{"line":21,"column":28},"end":{"line":21,"column":49}},"3":{"start":{"line":22,"column":29},"end":{"line":22,"column":51}},"4":{"start":{"line":23,"column":30},"end":{"line":23,"column":53}},"5":{"start":{"line":25,"column":28},"end":{"line":43,"column":1}},"6":{"start":{"line":26,"column":4},"end":{"line":42,"column":null}},"7":{"start":{"line":28,"column":12},"end":{"line":28,"column":null}},"8":{"start":{"line":32,"column":12},"end":{"line":32,"column":null}},"9":{"start":{"line":36,"column":12},"end":{"line":36,"column":null}},"10":{"start":{"line":40,"column":12},"end":{"line":40,"column":null}},"11":{"start":{"line":25,"column":13},"end":{"line":25,"column":28}},"12":{"start":{"line":45,"column":28},"end":{"line":47,"column":2}},"13":{"start":{"line":45,"column":35},"end":{"line":47,"column":2}},"14":{"start":{"line":48,"column":29},"end":{"line":51,"column":2}},"15":{"start":{"line":48,"column":50},"end":{"line":51,"column":2}},"16":{"start":{"line":52,"column":37},"end":{"line":63,"column":1}},"17":{"start":{"line":52,"column":58},"end":{"line":63,"column":1}},"18":{"start":{"line":53,"column":4},"end":{"line":62,"column":null}},"19":{"start":{"line":54,"column":8},"end":{"line":54,"column":null}},"20":{"start":{"line":55,"column":25},"end":{"line":55,"column":48}},"21":{"start":{"line":56,"column":8},"end":{"line":59,"column":null}},"22":{"start":{"line":61,"column":8},"end":{"line":61,"column":null}},"23":{"start":{"line":52,"column":13},"end":{"line":52,"column":37}}},"fnMap":{"0":{"name":"(anonymous_0)","decl":{"start":{"line":25,"column":28},"end":{"line":25,"column":29}},"loc":{"start":{"line":25,"column":74},"end":{"line":43,"column":1}}},"1":{"name":"(anonymous_1)","decl":{"start":{"line":45,"column":28},"end":{"line":45,"column":31}},"loc":{"start":{"line":45,"column":35},"end":{"line":47,"column":2}}},"2":{"name":"(anonymous_2)","decl":{"start":{"line":48,"column":29},"end":{"line":48,"column":30}},"loc":{"start":{"line":48,"column":50},"end":{"line":51,"column":2}}},"3":{"name":"(anonymous_3)","decl":{"start":{"line":52,"column":37},"end":{"line":52,"column":38}},"loc":{"start":{"line":52,"column":58},"end":{"line":63,"column":1}}},"4":{"name":"(anonymous_4)","decl":{"start":{"line":52,"column":58},"end":{"line":52,"column":63}},"loc":{"start":{"line":52,"column":98},"end":{"line":63,"column":1}}}},"branchMap":{"0":{"loc":{"start":{"line":25,"column":29},"end":{"line":25,"column":49}},"type":"default-arg","locations":[{"start":{"line":25,"column":37},"end":{"line":25,"column":49}}]},"1":{"loc":{"start":{"line":26,"column":4},"end":{"line":42,"column":null}},"type":"switch","locations":[{"start":{"line":27,"column":8},"end":{"line":29,"column":null}},{"start":{"line":31,"column":8},"end":{"line":33,"column":null}},{"start":{"line":35,"column":8},"end":{"line":37,"column":null}},{"start":{"line":39,"column":8},"end":{"line":40,"column":null}}]}},"s":{"0":8,"1":8,"2":8,"3":8,"4":8,"5":8,"6":24,"7":1,"8":1,"9":1,"10":21,"11":8,"12":8,"13":0,"14":8,"15":0,"16":8,"17":0,"18":0,"19":0,"20":0,"21":0,"22":0,"23":8},"f":{"0":24,"1":0,"2":0,"3":0,"4":0},"b":{"0":[21],"1":[1,1,1,21]}}
,"/Users/davidfernandez/Desktop/Dev/manga-collection/src/redux/store.ts": {"path":"/Users/davidfernandez/Desktop/Dev/manga-collection/src/redux/store.ts","statementMap":{"0":{"start":{"line":1,"column":0},"end":{"line":1,"column":70}},"1":{"start":{"line":2,"column":0},"end":{"line":2,"column":32}},"2":{"start":{"line":3,"column":0},"end":{"line":3,"column":46}},"3":{"start":{"line":4,"column":0},"end":{"line":4,"column":64}},"4":{"start":{"line":5,"column":0},"end":{"line":5,"column":56}},"5":{"start":{"line":7,"column":20},"end":{"line":10,"column":2}},"6":{"start":{"line":12,"column":13},"end":{"line":12,"column":null}}},"fnMap":{},"branchMap":{},"s":{"0":7,"1":7,"2":7,"3":7,"4":7,"5":7,"6":7},"f":{},"b":{}}
,"/Users/davidfernandez/Desktop/Dev/manga-collection/src/routes/index.tsx": {"path":"/Users/davidfernandez/Desktop/Dev/manga-collection/src/routes/index.tsx","statementMap":{"0":{"start":{"line":1,"column":0},"end":{"line":1,"column":49}},"1":{"start":{"line":2,"column":0},"end":{"line":2,"column":33}},"2":{"start":{"line":3,"column":0},"end":{"line":3,"column":45}},"3":{"start":{"line":4,"column":0},"end":{"line":4,"column":41}},"4":{"start":{"line":5,"column":0},"end":{"line":5,"column":47}},"5":{"start":{"line":7,"column":18},"end":{"line":19,"column":1}},"6":{"start":{"line":8,"column":2},"end":{"line":18,"column":4}},"7":{"start":{"line":21,"column":0},"end":{"line":21,"column":25}}},"fnMap":{"0":{"name":"(anonymous_1)","decl":{"start":{"line":7,"column":18},"end":{"line":7,"column":21}},"loc":{"start":{"line":7,"column":23},"end":{"line":19,"column":1}}}},"branchMap":{},"s":{"0":3,"1":3,"2":3,"3":3,"4":3,"5":3,"6":5,"7":3},"f":{"0":5},"b":{}}
}
