TN:
SF:src/App.tsx
FN:4,App
FNF:1
FNH:1
FNDA:2,App
DA:1,1
DA:2,1
DA:5,2
DA:13,1
LF:4
LH:4
BRF:0
BRH:0
end_of_record
TN:
SF:src/api/getManga.ts
FN:27,(anonymous_0)
FN:37,(anonymous_1)
FNF:2
FNH:0
FNDA:0,(anonymous_0)
FNDA:0,(anonymous_1)
DA:27,8
DA:28,0
DA:29,0
DA:30,0
DA:31,0
DA:32,0
DA:34,0
DA:35,0
DA:36,0
DA:37,0
DA:50,0
DA:80,0
DA:82,0
DA:83,0
LF:14
LH:1
BRDA:31,0,0,0
BRF:1
BRH:0
end_of_record
TN:
SF:src/components/CollectionButton.tsx
FN:15,(anonymous_0)
FN:19,(anonymous_1)
FN:22,(anonymous_2)
FN:24,(anonymous_3)
FNF:4
FNH:3
FNDA:3,(anonymous_0)
FNDA:6,(anonymous_1)
FNDA:1,(anonymous_2)
FNDA:0,(anonymous_3)
DA:2,5
DA:3,5
DA:5,5
DA:15,5
DA:16,3
DA:17,3
DA:18,3
DA:19,6
DA:21,3
DA:22,1
DA:24,3
DA:25,0
DA:26,0
DA:28,0
DA:30,0
DA:32,3
DA:48,5
LF:17
LH:13
BRDA:25,0,0,0
BRDA:25,0,1,0
BRDA:36,1,0,1
BRDA:36,1,1,2
BRDA:42,2,0,1
BRDA:42,2,1,2
BRF:6
BRH:4
end_of_record
TN:
SF:src/components/Header.tsx
FN:3,(anonymous_1)
FNF:1
FNH:1
FNDA:3,(anonymous_1)
DA:1,2
DA:3,2
DA:4,3
DA:14,2
LF:4
LH:4
BRF:0
BRH:0
end_of_record
TN:
SF:src/components/MainContent.tsx
FN:4,(anonymous_1)
FNF:1
FNH:1
FNDA:3,(anonymous_1)
DA:1,2
DA:2,2
DA:4,2
DA:5,3
DA:13,2
LF:5
LH:5
BRF:0
BRH:0
end_of_record
TN:
SF:src/components/MangaCover.tsx
FN:7,(anonymous_0)
FNF:1
FNH:1
FNDA:2,(anonymous_0)
DA:7,5
DA:8,2
LF:2
LH:2
BRF:0
BRH:0
end_of_record
TN:
SF:src/components/MangaInfo.tsx
FN:14,(anonymous_0)
FNF:1
FNH:1
FNDA:2,(anonymous_0)
DA:14,5
DA:24,2
DA:43,5
LF:3
LH:3
BRDA:30,0,0,1
BRDA:30,0,1,1
BRDA:32,1,0,2
BRDA:32,1,1,0
BRDA:38,2,0,2
BRDA:38,2,1,0
BRF:6
BRH:4
end_of_record
TN:
SF:src/components/MangaList.tsx
FN:6,(anonymous_1)
FN:7,(anonymous_2)
FN:17,(anonymous_3)
FNF:3
FNH:3
FNDA:6,(anonymous_1)
FNDA:8,(anonymous_2)
FNDA:2,(anonymous_3)
DA:1,5
DA:4,5
DA:6,5
DA:7,8
DA:8,6
DA:18,2
DA:33,5
LF:7
LH:7
BRDA:11,0,0,1
BRDA:11,0,1,5
BRDA:11,1,0,6
BRDA:11,1,1,5
BRDA:16,2,0,1
BRDA:16,2,1,5
BRDA:16,3,0,6
BRDA:16,3,1,5
BRF:8
BRH:8
end_of_record
TN:
SF:src/components/MangaListItem.tsx
FN:16,(anonymous_0)
FNF:1
FNH:1
FNDA:5,(anonymous_0)
DA:2,7
DA:16,7
DA:17,5
DA:19,5
DA:32,7
LF:5
LH:5
BRF:0
BRH:0
end_of_record
TN:
SF:src/components/Navbar.tsx
FN:3,(anonymous_0)
FN:8,(anonymous_1)
FN:18,(anonymous_2)
FNF:3
FNH:3
FNDA:4,(anonymous_0)
FNDA:5,(anonymous_1)
FNDA:5,(anonymous_2)
DA:1,3
DA:3,3
DA:4,4
DA:9,5
DA:19,5
DA:30,3
LF:6
LH:6
BRDA:9,0,0,3
BRDA:9,0,1,2
BRDA:19,1,0,2
BRDA:19,1,1,3
BRF:4
BRH:4
end_of_record
TN:
SF:src/components/SearchComponent.tsx
FN:8,(anonymous_0)
FN:12,(anonymous_1)
FN:18,(anonymous_2)
FNF:3
FNH:1
FNDA:7,(anonymous_0)
FNDA:0,(anonymous_1)
FNDA:0,(anonymous_2)
DA:1,3
DA:2,3
DA:3,3
DA:4,3
DA:8,3
DA:9,7
DA:10,7
DA:11,7
DA:12,7
DA:13,0
DA:14,0
DA:15,0
DA:16,0
DA:18,7
DA:19,0
DA:21,7
DA:43,3
LF:17
LH:12
BRF:0
BRH:0
end_of_record
TN:
SF:src/pages/Collection.tsx
FN:6,(anonymous_1)
FN:8,(anonymous_2)
FN:19,(anonymous_3)
FNF:3
FNH:3
FNDA:4,(anonymous_1)
FNDA:4,(anonymous_2)
FNDA:2,(anonymous_3)
DA:1,4
DA:4,4
DA:6,4
DA:7,4
DA:8,4
DA:10,4
DA:20,2
DA:31,4
LF:8
LH:8
BRDA:13,0,0,1
BRDA:13,0,1,3
BRDA:13,1,0,4
BRDA:13,1,1,3
BRDA:18,2,0,1
BRDA:18,2,1,3
BRDA:18,3,0,4
BRDA:18,3,1,3
BRF:8
BRH:8
end_of_record
TN:
SF:src/pages/Error404.tsx
FN:1,(anonymous_0)
FNF:1
FNH:1
FNDA:1,(anonymous_0)
DA:1,4
DA:2,1
DA:10,4
LF:3
LH:3
BRF:0
BRH:0
end_of_record
TN:
SF:src/pages/Home.tsx
FN:3,(anonymous_1)
FNF:1
FNH:1
FNDA:4,(anonymous_1)
DA:1,4
DA:3,4
DA:4,4
DA:11,4
LF:4
LH:4
BRF:0
BRH:0
end_of_record
TN:
SF:src/pages/MangaDetail.tsx
FN:10,(anonymous_1)
FN:12,(anonymous_2)
FN:15,(anonymous_3)
FN:23,(anonymous_4)
FN:33,(anonymous_5)
FNF:5
FNH:4
FNDA:1,(anonymous_1)
FNDA:2,(anonymous_2)
FNDA:2,(anonymous_3)
FNDA:1,(anonymous_4)
FNDA:0,(anonymous_5)
DA:1,4
DA:2,4
DA:3,4
DA:4,4
DA:5,4
DA:8,4
DA:10,4
DA:11,1
DA:12,2
DA:14,1
DA:15,2
DA:17,1
DA:20,1
DA:24,1
DA:30,1
DA:34,0
DA:38,1
DA:39,1
DA:70,4
LF:19
LH:18
BRDA:12,0,0,2
BRDA:12,0,1,0
BRDA:20,1,0,1
BRDA:20,1,1,1
BRDA:21,2,0,1
BRDA:21,2,1,0
BRDA:24,3,0,1
BRDA:24,3,1,1
BRDA:30,4,0,1
BRDA:30,4,1,1
BRDA:31,5,0,1
BRDA:31,5,1,0
BRDA:34,6,0,0
BRDA:34,6,1,0
BRDA:41,7,0,1
BRDA:41,7,1,0
BRDA:41,8,0,1
BRDA:41,8,1,0
BRDA:44,9,0,1
BRDA:44,9,1,0
BRDA:47,10,0,1
BRDA:47,10,1,0
BRDA:47,11,0,1
BRDA:47,11,1,0
BRDA:49,12,0,1
BRDA:49,12,1,0
BRDA:50,13,0,1
BRDA:50,13,1,0
BRDA:51,14,0,1
BRDA:51,14,1,0
BRDA:52,15,0,1
BRDA:52,15,1,0
BRDA:53,16,0,1
BRDA:53,16,1,0
BRDA:54,17,0,1
BRDA:54,17,1,0
BRDA:55,18,0,1
BRDA:55,18,1,0
BRDA:56,19,0,1
BRDA:56,19,1,0
BRDA:60,20,0,1
BRDA:60,20,1,0
BRF:42
BRH:23
end_of_record
TN:
SF:src/redux/collectionReducer.ts
FN:24,(anonymous_0)
FN:45,(anonymous_1)
FN:45,(anonymous_2)
FN:51,(anonymous_3)
FN:51,(anonymous_4)
FNF:5
FNH:1
FNDA:23,(anonymous_0)
FNDA:0,(anonymous_1)
FNDA:0,(anonymous_2)
FNDA:0,(anonymous_3)
FNDA:0,(anonymous_4)
DA:18,10
DA:19,10
DA:20,10
DA:21,10
DA:22,10
DA:24,10
DA:25,23
DA:27,1
DA:28,1
DA:29,1
DA:33,1
DA:34,1
DA:35,1
DA:36,1
DA:40,21
DA:45,10
DA:46,0
DA:51,10
DA:52,0
LF:19
LH:17
BRDA:19,0,0,0
BRDA:19,0,1,10
BRDA:20,1,0,10
BRDA:20,1,1,10
BRDA:24,2,0,21
BRDA:25,3,0,1
BRDA:25,3,1,1
BRDA:25,3,2,21
BRF:8
BRH:7
end_of_record
TN:
SF:src/redux/mangaReducer.ts
FN:25,(anonymous_0)
FN:45,(anonymous_1)
FN:48,(anonymous_2)
FN:52,(anonymous_3)
FN:52,(anonymous_4)
FNF:5
FNH:1
FNDA:24,(anonymous_0)
FNDA:0,(anonymous_1)
FNDA:0,(anonymous_2)
FNDA:0,(anonymous_3)
FNDA:0,(anonymous_4)
DA:2,8
DA:20,8
DA:21,8
DA:22,8
DA:23,8
DA:25,8
DA:26,24
DA:28,1
DA:32,1
DA:36,1
DA:40,21
DA:45,8
DA:48,8
DA:52,8
DA:53,0
DA:54,0
DA:55,0
DA:56,0
DA:61,0
LF:19
LH:14
BRDA:25,0,0,21
BRDA:26,1,0,1
BRDA:26,1,1,1
BRDA:26,1,2,1
BRDA:26,1,3,21
BRF:5
BRH:5
end_of_record
TN:
SF:src/redux/store.ts
FNF:0
FNH:0
DA:1,7
DA:2,7
DA:3,7
DA:4,7
DA:5,7
DA:7,7
DA:12,7
LF:7
LH:7
BRF:0
BRH:0
end_of_record
TN:
SF:src/routes/index.tsx
FN:7,(anonymous_1)
FNF:1
FNH:1
FNDA:5,(anonymous_1)
DA:1,3
DA:2,3
DA:3,3
DA:4,3
DA:5,3
DA:7,3
DA:8,5
DA:21,3
LF:8
LH:8
BRF:0
BRH:0
end_of_record
